<?xml version="1.0" encoding="UTF-8"?>
<testng-results skipped="0" failed="0" ignored="0" total="1" passed="1">
  <reporter-output>
  </reporter-output>
  <suite name="com.LearnJenkins.MavenJenkinsTest" duration-ms="34787" started-at="2020-03-28T21:31:12Z" finished-at="2020-03-28T21:31:46Z">
    <groups>
    </groups>
    <test name="Command line test" duration-ms="34787" started-at="2020-03-28T21:31:12Z" finished-at="2020-03-28T21:31:46Z">
      <class name="com.LearnJenkins.MavenJenkinsTest">
        <test-method status="PASS" signature="test()[pri:0, instance:com.LearnJenkins.MavenJenkinsTest@3d24753a]" name="test" duration-ms="34607" started-at="2020-03-28T21:31:12Z" finished-at="2020-03-28T21:31:46Z">
          <reporter-output>
          </reporter-output>
        </test-method> <!-- test -->
      </class> <!-- com.LearnJenkins.MavenJenkinsTest -->
    </test> <!-- Command line test -->
  </suite> <!-- com.LearnJenkins.MavenJenkinsTest -->
</testng-results>
